6133984358677405281
4630407797472116077
3495391431926239764
2638592926751165517
1991814870720950560
1503576561205289204
1135016365545876313
856798505175074247
646778056030214957
488238309515661356
368560195659412891
278217860370802066
210020449144859290
158539746514553601
119678113856248465
90342335288610825
68197411225942776
51480702630305689
38861632658305136
29335778567637640
22144924062668049
16716708595637087
12619069972000553
9525854090667496
7190854504969591
5428215467030962
4097638623636534
3093215881333057
2334999585697905
1762639037938629
1330576843394428
1004422742303477
758216295635152
572360547759276
432062194544201
326154101090951
246206446668325
185855747875876
140298353215075
105908093453250
79947654422626
60350698792449
45557394660801
34390259761825
25960439030624
19596955630177
14793304131648
11167134898976
8429820731201
6363483400447
4803651498529
3626169232672
2737314167775
2066337330754
1559831901918
1177482265857
888855064897
670976837021
506505428836
382349636061
288627200960
217878227876
164471408185
124155792775
93722435101
70748973084
53406819691
40315615410
30433357674
22973462017
17342153393
13091204281
9882257736
7459895657
5631308624
4250949112
3208946545
2422362079
1828587033
1380359512
1042002567
786584466
593775046
448227521
338356945
255418101
192809420
145547525
109870576
82938844
62608681
47261895
35676949
26931732
20330163
15346786
11584946
8745217
6601569
4983377
3761840
2839729
2143648
1618192
1221537
922111
696081
525456
396655
299426
226030
170625
128801
97229
73396
55405
41824
31572
23833
17991
13581
10252
7739
5842
4410
3329
2513
1897
1432
1081
816
616
465
351
265
200
151
114
86
65
49
37
28
21
16
12
9
7
5
4
3
2
2
1
1
1
0
1
0
0
1
